<?xml version="1.0" encoding="UTF-8"?>
<!-- Generated by org.testng.reporters.JUnitReportReporter -->
<testsuite hostname="DESKTOP-QOD6CF4" failures="0" tests="1" name="genesishealth.testcases" time="17.549" errors="0" timestamp="2023-08-17T16:17:16 PKT" skipped="0">
  <testcase classname="genesishealth.testcases" name="Testcase1" time="17.549"/>
  <system-out/>
</testsuite> <!-- genesishealth.testcases -->
